<?xml version="1.0" encoding="UTF-8"?>
<robot generator="Robot 6.1.1 (Python 3.11.3 on win32)" generated="20231107 16:06:03.252" rpa="false" schemaversion="4">
<suite id="s1" name="Valid Email Empty Pass" source="D:\RobotFramework\Automation\Valid_Email_Empty_Pass.robot">
<test id="s1-t1" name="Valid_Email_Empty_Pass" line="9">
<kw name="Get Selenium Implicit Wait" library="SeleniumLibrary">
<var>${implicit_wait}</var>
<doc>Gets the implicit wait value used by Selenium.</doc>
<msg timestamp="20231107 16:06:03.415" level="INFO">${implicit_wait} = 0 seconds</msg>
<status status="PASS" starttime="20231107 16:06:03.415" endtime="20231107 16:06:03.415"/>
</kw>
<kw name="Open Browser" library="SeleniumLibrary">
<arg>${URL}</arg>
<arg>${browser}</arg>
<doc>Opens a new browser instance to the optional ``url``.</doc>
<msg timestamp="20231107 16:06:03.416" level="INFO">Opening browser 'firefox' to base url 'https://www.vemaybay.vn/khach-hang/dang-ky.html/'.</msg>
<status status="PASS" starttime="20231107 16:06:03.416" endtime="20231107 16:06:32.211"/>
</kw>
<kw name="Maximize Browser Window" library="SeleniumLibrary">
<doc>Maximizes current browser window.</doc>
<status status="PASS" starttime="20231107 16:06:32.212" endtime="20231107 16:06:32.497"/>
</kw>
<kw name="Click Link" library="SeleniumLibrary">
<arg>XPATH://a[@class='btn btn-block btn-vmb register-button btn-warning my-3']</arg>
<doc>Clicks a link identified by ``locator``.</doc>
<msg timestamp="20231107 16:06:32.499" level="INFO">Clicking link 'XPATH://a[@class='btn btn-block btn-vmb register-button btn-warning my-3']'.</msg>
<status status="PASS" starttime="20231107 16:06:32.498" endtime="20231107 16:06:33.542"/>
</kw>
<kw name="Set Variable" library="BuiltIn">
<var>${"email_txt"}</var>
<arg>ID:LoginEmail</arg>
<doc>Returns the given values which can then be assigned to a variables.</doc>
<msg timestamp="20231107 16:06:33.543" level="INFO">${"email_txt"} = ID:LoginEmail</msg>
<status status="PASS" starttime="20231107 16:06:33.543" endtime="20231107 16:06:33.543"/>
</kw>
<kw name="Element Should Be Visible" library="SeleniumLibrary">
<arg>${"email_txt"}</arg>
<doc>Verifies that the element identified by ``locator`` is visible.</doc>
<msg timestamp="20231107 16:06:33.602" level="INFO">Element 'ID:LoginEmail' is displayed.</msg>
<status status="PASS" starttime="20231107 16:06:33.544" endtime="20231107 16:06:33.603"/>
</kw>
<kw name="Element Should Be Enabled" library="SeleniumLibrary">
<arg>${"email_txt"}</arg>
<doc>Verifies that element identified by ``locator`` is enabled.</doc>
<status status="PASS" starttime="20231107 16:06:33.603" endtime="20231107 16:06:33.666"/>
</kw>
<kw name="Input Text" library="SeleniumLibrary">
<arg>${"email_txt"}</arg>
<arg>portfolio.automation.testing@gmail.com</arg>
<doc>Types the given ``text`` into the text field identified by ``locator``.</doc>
<msg timestamp="20231107 16:06:33.666" level="INFO">Typing text 'portfolio.automation.testing@gmail.com' into text field 'ID:LoginEmail'.</msg>
<status status="PASS" starttime="20231107 16:06:33.666" endtime="20231107 16:06:33.732"/>
</kw>
<kw name="Click Element" library="SeleniumLibrary">
<arg>xpath://label[@for='LoginIsPersistent']</arg>
<doc>Click the element identified by ``locator``.</doc>
<msg timestamp="20231107 16:06:33.732" level="INFO">Clicking element 'xpath://label[@for='LoginIsPersistent']'.</msg>
<status status="PASS" starttime="20231107 16:06:33.732" endtime="20231107 16:06:33.955"/>
</kw>
<kw name="Click Element" library="SeleniumLibrary">
<arg>XPATH://button[contains(text(),'Đăng nhập')]</arg>
<doc>Click the element identified by ``locator``.</doc>
<msg timestamp="20231107 16:06:33.956" level="INFO">Clicking element 'XPATH://button[contains(text(),'Đăng nhập')]'.</msg>
<status status="PASS" starttime="20231107 16:06:33.955" endtime="20231107 16:06:35.027"/>
</kw>
<kw name="Page Should Contain" library="SeleniumLibrary">
<arg>Hãy nhập vào mật khẩu</arg>
<doc>Verifies that current page contains ``text``.</doc>
<msg timestamp="20231107 16:06:35.078" level="INFO">Current page contains text 'Hãy nhập vào mật khẩu'.</msg>
<status status="PASS" starttime="20231107 16:06:35.027" endtime="20231107 16:06:35.078"/>
</kw>
<kw name="Close Browser" library="SeleniumLibrary">
<doc>Closes the current browser.</doc>
<status status="PASS" starttime="20231107 16:06:35.079" endtime="20231107 16:06:37.895"/>
</kw>
<status status="PASS" starttime="20231107 16:06:03.415" endtime="20231107 16:06:37.896"/>
</test>
<status status="PASS" starttime="20231107 16:06:03.254" endtime="20231107 16:06:37.897"/>
</suite>
<statistics>
<total>
<stat pass="1" fail="0" skip="0">All Tests</stat>
</total>
<tag>
</tag>
<suite>
<stat pass="1" fail="0" skip="0" id="s1" name="Valid Email Empty Pass">Valid Email Empty Pass</stat>
</suite>
</statistics>
<errors>
</errors>
</robot>
